c:\users\fhoefer\source\repos\quantlib-loanpricer\quantlib.da71fcb2\x64\debug\vc143.pdb
c:\users\fhoefer\source\repos\quantlib-loanpricer\quantlib.da71fcb2\x64\debug\vc143.idb
c:\users\fhoefer\source\repos\quantlib-loanpricer\quantlib.da71fcb2\x64\debug\utils.obj
c:\users\fhoefer\source\repos\quantlib-loanpricer\quantlib.da71fcb2\x64\debug\oiswaptest.obj
c:\users\fhoefer\source\repos\quantlib-loanpricer\quantlib.da71fcb2\x64\debug\loans.obj
c:\users\fhoefer\source\repos\quantlib-loanpricer\quantlib.da71fcb2\x64\debug\liborswaptest.obj
c:\users\fhoefer\source\repos\quantlib-loanpricer\quantlib.da71fcb2\x64\debug\capletstrippertest.obj
c:\users\fhoefer\source\repos\quantlib-loanpricer\quantlib.da71fcb2\x64\debug\marketdata.obj
c:\users\fhoefer\source\repos\quantlib-loanpricer\quantlib.da71fcb2\x64\debug\main.obj
c:\users\fhoefer\source\repos\quantlib-loanpricer\quantlib.da71fcb2\x64\debug\bootstrapper.obj
c:\users\fhoefer\source\repos\quantlib-loanpricer\quantlib.da71fcb2\x64\debug\rfrtest.obj
c:\users\fhoefer\source\repos\quantlib-loanpricer\x64\debug\quantlib-loanpricer.exe
c:\users\fhoefer\source\repos\quantlib-loanpricer\x64\debug\quantlib-loanpricer.pdb
c:\users\fhoefer\source\repos\quantlib-loanpricer\quantlib.da71fcb2\x64\debug\quantlib-loanpricer.ilk
c:\users\fhoefer\source\repos\quantlib-loanpricer\quantlib.da71fcb2\x64\debug\marketconvention.obj
c:\users\fhoefer\source\repos\quantlib-loanpricer\quantlib.da71fcb2\x64\debug\optionletstripper.obj
c:\users\fhoefer\source\repos\quantlib-loanpricer\quantlib.da71fcb2\x64\debug\quantlib.da71fcb2.tlog\cl.command.1.tlog
c:\users\fhoefer\source\repos\quantlib-loanpricer\quantlib.da71fcb2\x64\debug\quantlib.da71fcb2.tlog\cl.items.tlog
c:\users\fhoefer\source\repos\quantlib-loanpricer\quantlib.da71fcb2\x64\debug\quantlib.da71fcb2.tlog\cl.read.1.tlog
c:\users\fhoefer\source\repos\quantlib-loanpricer\quantlib.da71fcb2\x64\debug\quantlib.da71fcb2.tlog\cl.write.1.tlog
c:\users\fhoefer\source\repos\quantlib-loanpricer\quantlib.da71fcb2\x64\debug\quantlib.da71fcb2.tlog\link.command.1.tlog
c:\users\fhoefer\source\repos\quantlib-loanpricer\quantlib.da71fcb2\x64\debug\quantlib.da71fcb2.tlog\link.read.1.tlog
c:\users\fhoefer\source\repos\quantlib-loanpricer\quantlib.da71fcb2\x64\debug\quantlib.da71fcb2.tlog\link.secondary.1.tlog
c:\users\fhoefer\source\repos\quantlib-loanpricer\quantlib.da71fcb2\x64\debug\quantlib.da71fcb2.tlog\link.write.1.tlog
